<?xml version="1.0" encoding="UTF-8"?>
<testng-results ignored="0" total="1" passed="1" failed="0" skipped="0">
  <reporter-output>
  </reporter-output>
  <suite started-at="2024-10-09T06:37:52Z" name="Default suite" finished-at="2024-10-09T06:37:57Z" duration-ms="5564">
    <groups>
    </groups>
    <test started-at="2024-10-09T06:37:52Z" name="Default test" finished-at="2024-10-09T06:37:57Z" duration-ms="5564">
      <class name="test.fliplartHomePageTest">
        <test-method is-config="true" signature="launchFlipKart()[pri:0, instance:test.fliplartHomePageTest@78d6692f]" started-at="2024-10-09T12:07:52Z" name="launchFlipKart" finished-at="2024-10-09T12:07:55Z" duration-ms="3743" status="PASS">
          <reporter-output>
          </reporter-output>
        </test-method> <!-- launchFlipKart -->
        <test-method signature="verifyFlipkartSearch()[pri:0, instance:test.fliplartHomePageTest@78d6692f]" started-at="2024-10-09T12:07:55Z" name="verifyFlipkartSearch" finished-at="2024-10-09T12:07:57Z" duration-ms="1543" status="PASS">
          <reporter-output>
          </reporter-output>
        </test-method> <!-- verifyFlipkartSearch -->
        <test-method is-config="true" signature="closeFlipKArt()[pri:0, instance:test.fliplartHomePageTest@78d6692f]" started-at="2024-10-09T12:07:57Z" name="closeFlipKArt" finished-at="2024-10-09T12:07:57Z" duration-ms="266" status="PASS">
          <reporter-output>
          </reporter-output>
        </test-method> <!-- closeFlipKArt -->
      </class> <!-- test.fliplartHomePageTest -->
    </test> <!-- Default test -->
  </suite> <!-- Default suite -->
</testng-results>
