<?xml version="1.0" encoding="UTF-8"?>
<!-- Generated by org.testng.reporters.JUnitXMLReporter -->
<testsuite ignored="1" hostname="LAPTOP-8OG7RLSC" failures="0" tests="1" name="Default test" time="4.866" errors="0" timestamp="09 Oct 2024 09:17:56 GMT">
  <testcase classname="test.fliplartHomePageTest" name="verifysearchIcon" time="1.47"/>
  <testcase classname="test.fliplartHomePageTest" name="verifyFlipkartSearch" time="0.0">
    <ignored/>
  </testcase> <!-- verifyFlipkartSearch -->
</testsuite> <!-- Default test -->
