<?xml version="1.0" encoding="UTF-8"?>
<!-- Generated by org.testng.reporters.JUnitXMLReporter -->
<testsuite ignored="0" hostname="LAPTOP-8OG7RLSC" failures="2" tests="2" name="Sanity test Run" time="0.049" errors="0" timestamp="09 Oct 2024 09:18:17 GMT">
  <testcase classname="test.fliplartHomePageTest" name="verifyFlipkartSearch" time="0.026">
    <failure type="java.lang.NullPointerException" message="Cannot invoke &amp;quot;org.openqa.selenium.SearchContext.findElement(org.openqa.selenium.By)&amp;quot; because &amp;quot;this.searchContext&amp;quot; is null">
      <![CDATA[java.lang.NullPointerException: Cannot invoke "org.openqa.selenium.SearchContext.findElement(org.openqa.selenium.By)" because "this.searchContext" is null
	at org.openqa.selenium.support.pagefactory.DefaultElementLocator.findElement(DefaultElementLocator.java:70)
	at org.openqa.selenium.support.pagefactory.internal.LocatingElementHandler.invoke(LocatingElementHandler.java:39)
	at jdk.proxy2/jdk.proxy2.$Proxy12.sendKeys(Unknown Source)
	at pages.flipkartHomePage.searchItem(flipkartHomePage.java:32)
	at pages.flipkartHomePage.searchItemInFlipKart(flipkartHomePage.java:47)
	at test.fliplartHomePageTest.verifyFlipkartSearch(fliplartHomePageTest.java:19)
... Removed 25 stack frames]]>
    </failure>
  </testcase> <!-- verifyFlipkartSearch -->
  <testcase classname="test.fliplartHomePageTest" name="verifysearchIcon" time="0.004">
    <failure type="java.lang.NullPointerException" message="Cannot invoke &amp;quot;org.openqa.selenium.SearchContext.findElement(org.openqa.selenium.By)&amp;quot; because &amp;quot;this.searchContext&amp;quot; is null">
      <![CDATA[java.lang.NullPointerException: Cannot invoke "org.openqa.selenium.SearchContext.findElement(org.openqa.selenium.By)" because "this.searchContext" is null
	at org.openqa.selenium.support.pagefactory.DefaultElementLocator.findElement(DefaultElementLocator.java:70)
	at org.openqa.selenium.support.pagefactory.internal.LocatingElementHandler.invoke(LocatingElementHandler.java:39)
	at jdk.proxy2/jdk.proxy2.$Proxy12.sendKeys(Unknown Source)
	at pages.flipkartHomePage.searchItem(flipkartHomePage.java:32)
	at pages.flipkartHomePage.searchItemInFlipKart(flipkartHomePage.java:47)
	at test.fliplartHomePageTest.verifysearchIcon(fliplartHomePageTest.java:29)
... Removed 25 stack frames]]>
    </failure>
  </testcase> <!-- verifysearchIcon -->
</testsuite> <!-- Sanity test Run -->
